<?xml version="1.0" encoding="UTF-8"?>
<!-- Generated by org.testng.reporters.JUnitReportReporter -->
<testsuite skipped="0" hostname="DESKTOP-HF0T45B" name="com.test.UserTest" tests="1" failures="0" timestamp="15 Sep 2021 05:35:22 GMT" time="6.069" errors="0">
  <testcase name="verifySimpleAlert" time="6.069" classname="com.test.UserTest"/>
</testsuite> <!-- com.test.UserTest -->
