<?xml version="1.0" encoding="UTF-8"?>
<!-- Generated by org.testng.reporters.JUnitReportReporter -->
<testsuite skipped="0" hostname="DESKTOP-HF0T45B" name="practiceForException.Demo" tests="1" failures="0" timestamp="08 Sep 2021 06:56:46 GMT" time="7.233" errors="0">
  <testcase name="exceptionDemo" time="7.233" classname="practiceForException.Demo"/>
</testsuite> <!-- practiceForException.Demo -->
