<?xml version="1.0" encoding="UTF-8"?>
<!-- Generated by org.testng.reporters.JUnitReportReporter -->
<testsuite skipped="0" hostname="DESKTOP-HF0T45B" name="com.test.DashboardTest" tests="1" failures="0" timestamp="21 Sep 2021 06:03:53 GMT" time="8.647" errors="0">
  <testcase name="VerifylowerText" time="8.647" classname="com.test.DashboardTest"/>
</testsuite> <!-- com.test.DashboardTest -->
