<?xml version="1.0" encoding="UTF-8"?>
<!-- Generated by org.testng.reporters.JUnitReportReporter -->
<testsuite skipped="0" hostname="DESKTOP-HF0T45B" name="com.test.LoginTest" tests="1" failures="0" timestamp="08 Sep 2021 06:44:28 GMT" time="6.029" errors="0">
  <testcase name="verifyValidatedMasg" time="6.029" classname="com.test.LoginTest"/>
</testsuite> <!-- com.test.LoginTest -->
