<?xml version="1.0" encoding="UTF-8"?>
<!-- Generated by org.testng.reporters.JUnitReportReporter -->
<testsuite skipped="0" hostname="DESKTOP-HF0T45B" name="com.test.OperatorTest" tests="1" failures="0" timestamp="18 Aug 2021 11:44:36 GMT" time="6.658" errors="0">
  <testcase name="verifyHeaderList" time="6.658" classname="com.test.OperatorTest"/>
</testsuite> <!-- com.test.OperatorTest -->
